Traceback (most recent call last):
  File "/root/shashi/venv/bin/scrapy", line 10, in <module>
    sys.exit(execute())
  File "/root/shashi/venv/lib/python3.6/site-packages/scrapy/cmdline.py", line 149, in execute
    cmd.crawler_process = CrawlerProcess(settings)
  File "/root/shashi/venv/lib/python3.6/site-packages/scrapy/crawler.py", line 251, in __init__
    super(CrawlerProcess, self).__init__(settings)
  File "/root/shashi/venv/lib/python3.6/site-packages/scrapy/crawler.py", line 137, in __init__
    self.spider_loader = _get_spider_loader(settings)
  File "/root/shashi/venv/lib/python3.6/site-packages/scrapy/crawler.py", line 338, in _get_spider_loader
    return loader_cls.from_settings(settings.frozencopy())
  File "/root/shashi/venv/lib/python3.6/site-packages/scrapy/spiderloader.py", line 61, in from_settings
    return cls(settings)
  File "/root/shashi/venv/lib/python3.6/site-packages/scrapy/spiderloader.py", line 25, in __init__
    self._load_all_spiders()
  File "/root/shashi/venv/lib/python3.6/site-packages/scrapy/spiderloader.py", line 47, in _load_all_spiders
    for module in walk_modules(name):
  File "/root/shashi/venv/lib/python3.6/site-packages/scrapy/utils/misc.py", line 71, in walk_modules
    submod = import_module(fullpath)
  File "/root/shashi/venv/lib/python3.6/importlib/__init__.py", line 126, in import_module
    return _bootstrap._gcd_import(name[level:], package, level)
  File "<frozen importlib._bootstrap>", line 994, in _gcd_import
  File "<frozen importlib._bootstrap>", line 971, in _find_and_load
  File "<frozen importlib._bootstrap>", line 955, in _find_and_load_unlocked
  File "<frozen importlib._bootstrap>", line 665, in _load_unlocked
  File "<frozen importlib._bootstrap_external>", line 678, in exec_module
  File "<frozen importlib._bootstrap>", line 219, in _call_with_frames_removed
  File "/root/shashi/shashinew/scrapy-car-data/SearchEngineScrapy/SearchEngineScrapy/spiders/brands.py", line 10, in <module>
    class BrandsSpider(scrapy.Spider):
  File "/root/shashi/shashinew/scrapy-car-data/SearchEngineScrapy/SearchEngineScrapy/spiders/brands.py", line 16, in BrandsSpider
    wb = xlrd.open_workbook(loc)
  File "/root/shashi/venv/lib/python3.6/site-packages/xlrd/__init__.py", line 111, in open_workbook
    with open(filename, "rb") as f:
FileNotFoundError: [Errno 2] No such file or directory: '../MarutiAutoParts/Ertiga/Ertiga-1stgen2012-4-3101.xlsx'
